FHIR IG Publisher Version 1.8.16 (Git# ce6ad8cdef90). Built 2025-03-04T05:25:22.221Z (52 hours old)
Detected Java version: 23-ea from /usr/local/openjdk-23 on amd64 (64bit). 4096MB available
dir = /workspace, path = /home/publisher/bin:/home/publisher/bin/ig-publisher-scripts:/home/publisher/.node/bin:/usr/local/openjdk-23/bin:/usr/local/sbin:/usr/local/bin:/usr/sbin:/usr/bin:/sbin:/bin
Parameters: -go-publish -package-cache-folder /workspace/fhir-package-cache -source /workspace/source -web /workspace/webroot -temp /workspace/temp -registry /workspace/ig-registry/fhir-ig-list.json -history /workspace/history-template -templates /workspace/webroot/templates
---------------
Publication Run: publish /workspace/source to /workspace/webroot
Relative directory for IG is '/dak-immz'
===== Web Publication Run Details ===============================
 Source IG: smart.who.int.dak-immz#1.1.0 : http://smart.who.int/dak-immz (R4) from /workspace/source
All checks passed. Do the publication build from /workspace/source and publish to /workspace/temp/web-root/run-20250306/dak-immz
Prepare Build space in /workspace/temp/smart.who.int.dak-immz#1.1.0
Build IG at /workspace/source: final copy suitable for publication (in /workspace/temp/smart.who.int.dak-immz#1.1.0)
FHIR IG Publisher Version 1.8.16 (Git# ce6ad8cdef90). Built 2025-03-04T05:25:22.221Z (52 hours old) 
Detected Java version: 23-ea from /usr/local/openjdk-23 on Linux/amd64 (64bit). 4096MB available    
dir = /workspace, path = /home/publisher/bin:/home/publisher/bin/ig-publisher-scripts:/home/publisher/.node/bin:/usr/local/openjdk-23/bin:/usr/local/sbin:/usr/local/bin:/usr/sbin:/usr/bin:/sbin:/bin
Parameters: -ig /workspace/temp/smart.who.int.dak-immz#1.1.0 -resetTx -publish http://smart.who.int/dak-immz/v1.1.0 -no-exit
Start Clock @ Thursday, March 6, 2025, 9:37:54 AM Coordinated Universal Time (2025-03-06T09:37:54Z) 
                                                                                                    
Build FHIR IG from /workspace/temp/smart.who.int.dak-immz#1.1.0                                      (00:00.022 / 00:00.023, 48Mb)
Build Formal Publication package, intended for http://smart.who.int/dak-immz/v1.1.0                  (00:00.003 / 00:00.025, 48Mb)
API keys loaded from /home/publisher/.fhir/fhir-settings.json                                        (00:00.000 / 00:00.026, 48Mb)
Package Cache: /home/publisher/.fhir/packages                                                        (00:00.003 / 00:00.030, 48Mb)
Run Sushi on /workspace/temp/smart.who.int.dak-immz#1.1.0                                            (00:00.001 / 00:00.031, 48Mb)
Sushi: info  Running SUSHI v3.14.0 (implements FHIR Shorthand specification v3.0.0)                  (00:00.459 / 00:00.491, 49Mb)
Sushi: info  Arguments:                                                                              (00:00.001 / 00:00.492, 49Mb)
Sushi: info    --require-latest                                                                      (00:00.000 / 00:00.492, 49Mb)
Sushi: info    --out /workspace/temp/smart.who.int.dak-immz#1.1.0                                    (00:00.000 / 00:00.493, 49Mb)
Sushi: info    /workspace/temp/smart.who.int.dak-immz#1.1.0                                          (00:00.000 / 00:00.494, 49Mb)
Sushi: info  Using configuration file: /workspace/temp/smart.who.int.dak-immz#1.1.0/sushi-config.yaml (00:00.383 / 00:00.877, 49Mb)
Sushi: info  Importing FSH text...                                                                   (00:00.103 / 00:00.981, 49Mb)
Sushi: info  Preprocessed 3 documents with 10 aliases.                                               (00:00.046 / 00:01.027, 49Mb)
Sushi: info  Imported 0 definitions and 0 instances.                                                 (00:00.003 / 00:01.031, 49Mb)
Sushi: info  Loaded virtual package sushi-r5forR4#1.0.0 with 7 resources                             (00:00.088 / 00:01.119, 49Mb)
Sushi: info  Resolved hl7.fhir.uv.tools.r4#latest to concrete version 0.3.0                          (00:00.496 / 00:01.615, 49Mb)
Sushi: info  Attempting to download hl7.fhir.uv.tools.r4#0.3.0 from https://packages.fhir.org/hl7.fhir.uv.tools.r4/0.3.0 (00:00.000 / 00:01.616, 49Mb)
Sushi: info  Downloaded hl7.fhir.uv.tools.r4#0.3.0                                                   (00:00.362 / 00:01.979, 49Mb)
Sushi: info  Cached hl7.fhir.uv.tools.r4#0.3.0 to /home/publisher/.fhir/packages/hl7.fhir.uv.tools.r4#0.3.0 (00:00.001 / 00:01.981, 49Mb)
Sushi: info  Loaded hl7.fhir.uv.tools.r4#0.3.0 with 75 resources                                     (00:00.043 / 00:02.024, 49Mb)
Sushi: info  Resolved hl7.terminology.r4#latest to concrete version 6.2.0                            (00:00.106 / 00:02.131, 49Mb)
Sushi: info  Attempting to download hl7.terminology.r4#6.2.0 from https://packages.fhir.org/hl7.terminology.r4/6.2.0 (00:00.000 / 00:02.132, 49Mb)
Sushi: info  Downloaded hl7.terminology.r4#6.2.0                                                     (00:01.188 / 00:03.320, 49Mb)
Sushi: info  Cached hl7.terminology.r4#6.2.0 to /home/publisher/.fhir/packages/hl7.terminology.r4#6.2.0 (00:00.000 / 00:03.321, 49Mb)
Sushi: info  Loaded hl7.terminology.r4#6.2.0 with 4323 resources                                     (00:01.024 / 00:04.345, 49Mb)
Sushi: info  Resolved hl7.fhir.uv.extensions.r4#latest to concrete version 5.2.0                     (00:00.100 / 00:04.445, 49Mb)
Sushi: info  Attempting to download hl7.fhir.uv.extensions.r4#5.2.0 from https://packages.fhir.org/hl7.fhir.uv.extensions.r4/5.2.0 (00:00.000 / 00:04.445, 49Mb)
Sushi: info  Downloaded hl7.fhir.uv.extensions.r4#5.2.0                                              (00:00.371 / 00:04.817, 49Mb)
Sushi: info  Cached hl7.fhir.uv.extensions.r4#5.2.0 to /home/publisher/.fhir/packages/hl7.fhir.uv.extensions.r4#5.2.0 (00:00.001 / 00:04.818, 49Mb)
Sushi: info  Loaded hl7.fhir.uv.extensions.r4#5.2.0 with 759 resources                               (00:00.187 / 00:05.005, 49Mb)
Sushi: info  Attempting to download smart.who.int.base#0.1.0 from https://packages.fhir.org/smart.who.int.base/0.1.0 (00:00.001 / 00:05.006, 49Mb)
Sushi: info  Downloaded smart.who.int.base#0.1.0                                                     (00:00.110 / 00:05.117, 49Mb)
Sushi: info  Cached smart.who.int.base#0.1.0 to /home/publisher/.fhir/packages/smart.who.int.base#0.1.0 (00:00.001 / 00:05.118, 49Mb)
Sushi: info  Loaded smart.who.int.base#0.1.0 with 17 resources                                       (00:00.012 / 00:05.130, 49Mb)
Sushi: info  Attempting to download hl7.fhir.r4.core#4.0.1 from https://packages.fhir.org/hl7.fhir.r4.core/4.0.1 (00:00.000 / 00:05.131, 49Mb)
Sushi: info  Downloaded hl7.fhir.r4.core#4.0.1                                                       (00:01.072 / 00:06.204, 49Mb)
Sushi: info  Cached hl7.fhir.r4.core#4.0.1 to /home/publisher/.fhir/packages/hl7.fhir.r4.core#4.0.1  (00:00.001 / 00:06.204, 49Mb)
Sushi: info  Loaded hl7.fhir.r4.core#4.0.1 with 4581 resources                                       (00:00.924 / 00:07.129, 49Mb)
Sushi: info  Found 1 non-JSON / non-XML file(s) in directory: /workspace/temp/smart.who.int.dak-immz#1.1.0/input/examples. Only resource files with JSON or XML extensions are supported. To see the skipped files in the logs, use debug logging. (00:00.007 / 00:07.136, 49Mb)
Sushi: info  Found 1 non-JSON / non-XML file(s) in directory: /workspace/temp/smart.who.int.dak-immz#1.1.0/input/extensions. Only resource files with JSON or XML extensions are supported. To see the skipped files in the logs, use debug logging. (00:00.002 / 00:07.138, 49Mb)
Sushi: info  Found 1 non-JSON / non-XML file(s) in directory: /workspace/temp/smart.who.int.dak-immz#1.1.0/input/models. Only resource files with JSON or XML extensions are supported. To see the skipped files in the logs, use debug logging. (00:00.001 / 00:07.140, 49Mb)
Sushi: info  Found 1 non-JSON / non-XML file(s) in directory: /workspace/temp/smart.who.int.dak-immz#1.1.0/input/profiles. Only resource files with JSON or XML extensions are supported. To see the skipped files in the logs, use debug logging. (00:00.001 / 00:07.142, 49Mb)
Sushi: info  Found 1 non-JSON / non-XML file(s) in directory: /workspace/temp/smart.who.int.dak-immz#1.1.0/input/resources. Only resource files with JSON or XML extensions are supported. To see the skipped files in the logs, use debug logging. (00:00.001 / 00:07.144, 49Mb)
Sushi: info  Found 1 non-JSON / non-XML file(s) in directory: /workspace/temp/smart.who.int.dak-immz#1.1.0/input/vocabulary. Only resource files with JSON or XML extensions are supported. To see the skipped files in the logs, use debug logging. (00:00.001 / 00:07.145, 49Mb)
Sushi: info  Loaded virtual package sushi-local#LOCAL with 0 resources                               (00:00.001 / 00:07.147, 49Mb)
Sushi: info  Converting FSH to FHIR resources...                                                     (00:00.008 / 00:07.155, 49Mb)
Sushi: info  Exporting FHIR resources as JSON...                                                     (00:00.004 / 00:07.160, 49Mb)
Sushi: info  Exported 0 FHIR resources as JSON.                                                      (00:00.002 / 00:07.162, 49Mb)
Sushi: info  Assembling Implementation Guide sources...                                              (00:00.001 / 00:07.163, 49Mb)
Sushi: info  Generated ImplementationGuide-smart.who.int.dak-immz.json                               (00:00.027 / 00:07.191, 49Mb)
Sushi: info  Assembled Implementation Guide sources; ready for IG Publisher.                         (00:00.000 / 00:07.191, 49Mb)
Sushi: ========================= SUSHI RESULTS ===========================                           (00:00.000 / 00:07.192, 49Mb)
Sushi: |  -------------------------------------------------------------  |                           (00:00.000 / 00:07.193, 49Mb)
Sushi: | |    Profiles   |  Extensions  |   Logicals   |   Resources   | |                           (00:00.000 / 00:07.194, 49Mb)
Sushi: | |-------------------------------------------------------------| |                           (00:00.000 / 00:07.195, 49Mb)
Sushi: | |       0       |      0       |      0       |       0       | |                           (00:00.000 / 00:07.195, 49Mb)
Sushi: |  -------------------------------------------------------------  |                           (00:00.000 / 00:07.196, 49Mb)
Sushi: |  -------------------------------------------------------------  |                           (00:00.000 / 00:07.197, 49Mb)
Sushi: | |      ValueSets     |    CodeSystems    |     Instances      | |                           (00:00.000 / 00:07.197, 49Mb)
Sushi: | |-------------------------------------------------------------| |                           (00:00.000 / 00:07.198, 49Mb)
Sushi: | |         0          |         0         |         0          | |                           (00:00.000 / 00:07.199, 49Mb)
Sushi: |  -------------------------------------------------------------  |                           (00:00.000 / 00:07.200, 49Mb)
Sushi: |                                                                 |                           (00:00.000 / 00:07.200, 49Mb)
Sushi: ===================================================================                           (00:00.000 / 00:07.201, 49Mb)
Sushi: | Ex-clam-ation point!                   0 Errors      0 Warnings |                           (00:00.000 / 00:07.202, 49Mb)
Sushi: ===================================================================                           (00:00.000 / 00:07.202, 49Mb)
Unable to load IG as an r5 IG - try R4 (property code is a class com.google.gson.JsonPrimitive looking for an object) (00:00.450 / 00:07.653, 18Mb)
Load Template from who.template.root#current                                                         (00:00.411 / 00:08.065, 39Mb)
Installing who.template.root#current to the package cache
  Fetching:

Installing who.template.root#current
 done.
 Load Template from fhir.base.template#current                                                       (00:01.067 / 00:09.132, 45Mb)
Installing fhir.base.template#current to the package cache
  Fetching:

Installing fhir.base.template#current
 done.
Root directory: /workspace/temp/smart.who.int.dak-immz#1.1.0                                         (00:03.215 / 00:12.348, 118Mb)
Terminology Cache is at /workspace/temp/smart.who.int.dak-immz#1.1.0/input-cache/txcache. Clearing now (00:00.419 / 00:12.768, 135Mb)
Core Package hl7.fhir.r4.core#4.0.1
Running Terminology Log: /tmp/ohfu-fhir-ig-18385093088619105048.log
Connect to Terminology Server at http://tx.fhir.org                                                  (00:10.997 / 00:23.765, 189Mb)
Installing hl7.fhir.pubpack#0.2.1 to the package cache
  Fetching:

Installing hl7.fhir.pubpack#0.2.1
 done.
Load Package hl7.fhir.pubpack#0.2.1
Installing hl7.fhir.xver-extensions#0.1.0 to the package cache
  Fetching:

Installing hl7.fhir.xver-extensions#0.1.0
 done.
Load Package hl7.fhir.xver-extensions#0.1.0
Load Package hl7.terminology.r4#6.2.0
Load Package hl7.fhir.uv.extensions.r4#5.2.0
Installing hl7.terminology#5.5.0 to the package cache
  Fetching:

Installing hl7.terminology#5.5.0
 done.
Installing hl7.fhir.uv.extensions.r4#1.0.0 to the package cache
  Fetching:

Installing hl7.fhir.uv.extensions.r4#1.0.0
 done.
Load Package hl7.fhir.uv.extensions.r4#1.0.0
Load Package hl7.terminology#5.5.0
Installing hl7.fhir.uv.extensions.r4#5.1.0 to the package cache
  Fetching:

Installing hl7.fhir.uv.extensions.r4#5.1.0
 done.
Load Package hl7.fhir.uv.extensions.r4#5.1.0
Installing hl7.fhir.uv.cql#1.0.0 to the package cache
  Fetching:

Installing hl7.fhir.uv.cql#1.0.0
 done.
Load Package hl7.fhir.uv.cql#1.0.0
Installing hl7.fhir.uv.crmi#1.0.0 to the package cache
  Fetching:

Installing hl7.fhir.uv.crmi#1.0.0
 done.
Load Package hl7.fhir.uv.crmi#1.0.0
Installing hl7.fhir.uv.sdc#3.0.0 to the package cache
  Fetching:

Installing hl7.fhir.uv.sdc#3.0.0
 done.
Ignore Dependency on Core FHIR hl7.fhir.r4.examples#4.0.1, from package 'hl7.fhir.uv.sdc#3.0.0'      (00:13.773 / 00:37.538, 465Mb)
Load Package hl7.fhir.uv.sdc#3.0.0
Load Package smart.who.int.base#0.1.0
Load Package hl7.fhir.uv.tools.r4#0.3.0
Load R5 Specials
Installing hl7.fhir.r5.core#5.0.0 to the package cache
  Fetching:

Installing hl7.fhir.r5.core#5.0.0
 done.
Initialization complete                                                                              (00:03.314 / 00:40.853, 756Mb)
Load Content                                                                                         (00:00.000 / 00:40.854, 756Mb)
Using en-US as the default narrative language. (no language information in Implementation Guide)     (00:00.081 / 00:40.935, 762Mb)
Process Loaded Resources                                                                             (00:00.096 / 00:41.032, 764Mb)
Generating Snapshots                                                                                 (00:00.058 / 00:41.090, 770Mb)
loadPrePages from FetchedFile[/workspace/temp/smart.who.int.dak-immz#1.1.0/fsh-generated/includes] as /workspace/temp/smart.who.int.dak-immz#1.1.0/fsh-generated/includes
loadPrePages from FetchedFile[/workspace/temp/smart.who.int.dak-immz#1.1.0/input/data] as /workspace/temp/smart.who.int.dak-immz#1.1.0/input/data
loadPrePages from FetchedFile[/workspace/temp/smart.who.int.dak-immz#1.1.0/input/pagecontent] as /workspace/temp/smart.who.int.dak-immz#1.1.0/input/pagecontent
Fetch http://smart.who.int/dak-immz/package-list.json for version check                              (00:00.055 / 00:41.145, 771Mb)
Processing Conformance Resources                                                                     (00:00.264 / 00:41.409, 773Mb)
Checking Language                                                                                    (00:00.000 / 00:41.410, 773Mb)
Load Dependency Info                                                                                 (00:00.001 / 00:41.411, 773Mb)
Load Info                                                                                            (00:00.001 / 00:41.413, 773Mb)
Load Paths                                                                                           (00:00.000 / 00:41.414, 774Mb)
Check R4 / R4B                                                                                       (00:00.000 / 00:41.414, 774Mb)
Assign Comparison Ids                                                                                (00:00.008 / 00:41.423, 775Mb)
Propagating status                                                                                   (00:00.000 / 00:41.423, 775Mb)
Generating Narratives                                                                                (00:00.000 / 00:41.424, 775Mb)
Validating Conformance Resources                                                                     (00:00.259 / 00:41.684, 788Mb)
Check profiles & code systems                                                                        (00:02.220 / 00:43.905, 574Mb)
Check realm rules                                                                                    (00:00.000 / 00:43.905, 574Mb)
Previous Version Comparison                                                                          (00:00.000 / 00:43.906, 574Mb)
Installing smart.who.int.dak-immz#1.0.0 to the package cache
  Fetching:

Installing smart.who.int.dak-immz#1.0.0
 done.
Installing hl7.fhir.r4.examples#4.0.1 to the package cache
  Fetching:

Installing hl7.fhir.r4.examples#4.0.1
 done.
Validating Resources                                                                                 (00:18.873 / 01:02.780, 1Gb)
Processing Provenance Records                                                                        (00:00.001 / 01:02.781, 1Gb)
Generating Outputs in /workspace/temp/smart.who.int.dak-immz#1.1.0/output                            (00:00.000 / 01:02.782, 1Gb)
Generate Native Outputs                                                                              (00:00.083 / 01:02.865, 1Gb)
Run Template                                                                                         (00:00.092 / 01:02.957, 1Gb)
Generate HTML Outputs                                                                                (00:00.739 / 01:03.697, 1Gb)
Generate Spreadsheets                                                                                (00:00.087 / 01:03.784, 1Gb)
Generate Summaries                                                                                   (00:00.001 / 01:03.785, 1Gb)
Generating Summary Outputs                                                                           (00:00.000 / 01:03.786, 1Gb)
DB Cumulative Time invested: 00:00:00.59
Sending Usage Stats to Server                                                                        (00:08.994 / 01:12.781, 2Gb)
## Memory (MB): Use = 2137, Free = 243, Total = 2380, Max = 4096                                     (00:00.006 / 01:12.787, 2Gb)
Reclaiming memory...                                                                                 (00:00.001 / 01:12.788, 2Gb)
## Memory (MB): Use = 1289, Free = 1090, Total = 2380, Max = 4096                                    (00:00.582 / 01:13.371, 1Gb)
Run jekyll: jekyll build --destination "/workspace/temp/smart.who.int.dak-immz#1.1.0/output" (in folder /workspace/temp/smart.who.int.dak-immz#1.1.0/temp/pages) (00:00.002 / 01:13.373, 1Gb)
Troubleshooting Note: usual cases for Jekyll to fail are:                                            (00:00.001 / 01:13.375, 1Gb)
* A failure to produce a fragment that is already logged in the output above                         (00:00.001 / 01:13.376, 1Gb)
* A reference to a manually edited file that hasn't been provided                                    (00:00.001 / 01:13.377, 1Gb)
Jekyll: Source: /workspace/temp/smart.who.int.dak-immz#1.1.0/temp/pages                              (00:00.384 / 01:13.762, 1Gb)
Jekyll: Generating...                                                                                (00:00.001 / 01:13.763, 1Gb)
Jekyll: done in 0.552 seconds.                                                                       (00:00.550 / 01:14.314, 1Gb)

Installing smart.who.int.dak-immz#1.1.0
 done.
Checking Output HTML                                                                                 (00:00.728 / 01:15.042, 1Gb)
found 590 files                                                                                      (00:00.004 / 01:15.047, 1Gb)
..........................................
..........................................
  ... 590 html files, 0 pages invalid xhtml (0%)                                                     (00:01.028 / 01:16.075, 1Gb)
  ... 1754 links, 0 broken links (0%)                                                                (00:00.001 / 01:16.076, 1Gb)
Generate fragment-usage-analysis.csv                                                                 (00:00.000 / 01:16.077, 1Gb)
Build final .zip                                                                                     (00:00.007 / 01:16.084, 1Gb)
Final .zip built                                                                                     (00:00.934 / 01:17.019, 1Gb)
Built. Times: loading: 00:00.554, generate: 00:38.210, narrative generation: 00:00.258, validation: 00:02.219, realm-rules: 00:00.000, previous-version: 00:18.864, jekyll: 00:00.947, template: 00:00.748 (#3) (00:02.609 / 01:19.628, 1Gb)
Generating QA                                                                                        (00:00.001 / 01:19.629, 1Gb)
Validation output in /workspace/temp/smart.who.int.dak-immz#1.1.0/output/qa.html
Errors: 4, Warnings: 4, Info: 0, Broken Links: 0 (00:00.133 / 01:19.762, 1Gb)
Finished. Max Memory Used = 2Gb. Log file saved in /tmp/fhir-ig-publisher-tmp.log                    (00:00.001 / 01:19.764, 1Gb)
Prepare Build space in /workspace/temp/smart.who.int.dak-immz#1.1.0-milestone
Build IG at /workspace/source: final copy suitable for publication (in /workspace/temp/smart.who.int.dak-immz#1.1.0-milestone) (milestone build)
FHIR IG Publisher Version 1.8.16 (Git# ce6ad8cdef90). Built 2025-03-04T05:25:22.221Z (52 hours old) 
Detected Java version: 23-ea from /usr/local/openjdk-23 on Linux/amd64 (64bit). 4096MB available    
dir = /workspace, path = /home/publisher/bin:/home/publisher/bin/ig-publisher-scripts:/home/publisher/.node/bin:/usr/local/openjdk-23/bin:/usr/local/sbin:/usr/local/bin:/usr/sbin:/usr/bin:/sbin:/bin
Parameters: -ig /workspace/temp/smart.who.int.dak-immz#1.1.0-milestone -publish http://smart.who.int/dak-immz/v1.1.0 -milestone -no-exit
Start Clock @ Thursday, March 6, 2025, 9:39:15 AM Coordinated Universal Time (2025-03-06T09:39:15Z) 
                                                                                                    
Build FHIR IG from /workspace/temp/smart.who.int.dak-immz#1.1.0-milestone                            (00:00.002 / 00:00.002, 1Gb)
Build Formal Publication package, intended for http://smart.who.int/dak-immz/v1.1.0                  (00:00.000 / 00:00.003, 1Gb)
API keys loaded from /home/publisher/.fhir/fhir-settings.json                                        (00:00.000 / 00:00.004, 1Gb)
Package Cache: /home/publisher/.fhir/packages                                                        (00:00.000 / 00:00.004, 1Gb)
Run Sushi on /workspace/temp/smart.who.int.dak-immz#1.1.0-milestone                                  (00:00.000 / 00:00.005, 1Gb)
Sushi: info  Running SUSHI v3.14.0 (implements FHIR Shorthand specification v3.0.0)                  (00:00.423 / 00:00.428, 1Gb)
Sushi: info  Arguments:                                                                              (00:00.000 / 00:00.429, 1Gb)
Sushi: info    --require-latest                                                                      (00:00.000 / 00:00.430, 1Gb)
Sushi: info    --out /workspace/temp/smart.who.int.dak-immz#1.1.0-milestone                          (00:00.000 / 00:00.430, 1Gb)
Sushi: info    /workspace/temp/smart.who.int.dak-immz#1.1.0-milestone                                (00:00.000 / 00:00.431, 1Gb)
Sushi: info  Using configuration file: /workspace/temp/smart.who.int.dak-immz#1.1.0-milestone/sushi-config.yaml (00:00.390 / 00:00.822, 1Gb)
Sushi: info  Importing FSH text...                                                                   (00:00.105 / 00:00.927, 1Gb)
Sushi: info  Preprocessed 3 documents with 10 aliases.                                               (00:00.039 / 00:00.967, 1Gb)
Sushi: info  Imported 0 definitions and 0 instances.                                                 (00:00.000 / 00:00.968, 1Gb)
Sushi: info  Loaded virtual package sushi-r5forR4#1.0.0 with 7 resources                             (00:00.110 / 00:01.078, 1Gb)
Sushi: info  Resolved hl7.fhir.uv.tools.r4#latest to concrete version 0.3.0                          (00:00.494 / 00:01.573, 1Gb)
Sushi: info  Loaded hl7.fhir.uv.tools.r4#0.3.0 with 75 resources                                     (00:00.041 / 00:01.615, 1Gb)
Sushi: info  Resolved hl7.terminology.r4#latest to concrete version 6.2.0                            (00:00.102 / 00:01.717, 1Gb)
Sushi: info  Loaded hl7.terminology.r4#6.2.0 with 4323 resources                                     (00:01.035 / 00:02.753, 1Gb)
Sushi: info  Resolved hl7.fhir.uv.extensions.r4#latest to concrete version 5.2.0                     (00:00.101 / 00:02.855, 1Gb)
Sushi: info  Loaded hl7.fhir.uv.extensions.r4#5.2.0 with 759 resources                               (00:00.189 / 00:03.044, 1Gb)
Sushi: info  Loaded smart.who.int.base#0.1.0 with 17 resources                                       (00:00.012 / 00:03.057, 1Gb)
Sushi: info  Loaded hl7.fhir.r4.core#4.0.1 with 4581 resources                                       (00:00.934 / 00:03.991, 1Gb)
Sushi: info  Found 1 non-JSON / non-XML file(s) in directory: /workspace/temp/smart.who.int.dak-immz#1.1.0-milestone/input/examples. Only resource files with JSON or XML extensions are supported. To see the skipped files in the logs, use debug logging. (00:00.010 / 00:04.002, 1Gb)
Sushi: info  Found 1 non-JSON / non-XML file(s) in directory: /workspace/temp/smart.who.int.dak-immz#1.1.0-milestone/input/extensions. Only resource files with JSON or XML extensions are supported. To see the skipped files in the logs, use debug logging. (00:00.003 / 00:04.005, 1Gb)
Sushi: info  Found 1 non-JSON / non-XML file(s) in directory: /workspace/temp/smart.who.int.dak-immz#1.1.0-milestone/input/models. Only resource files with JSON or XML extensions are supported. To see the skipped files in the logs, use debug logging. (00:00.002 / 00:04.008, 1Gb)
Sushi: info  Found 1 non-JSON / non-XML file(s) in directory: /workspace/temp/smart.who.int.dak-immz#1.1.0-milestone/input/profiles. Only resource files with JSON or XML extensions are supported. To see the skipped files in the logs, use debug logging. (00:00.001 / 00:04.009, 1Gb)
Sushi: info  Found 1 non-JSON / non-XML file(s) in directory: /workspace/temp/smart.who.int.dak-immz#1.1.0-milestone/input/resources. Only resource files with JSON or XML extensions are supported. To see the skipped files in the logs, use debug logging. (00:00.001 / 00:04.011, 1Gb)
Sushi: info  Found 1 non-JSON / non-XML file(s) in directory: /workspace/temp/smart.who.int.dak-immz#1.1.0-milestone/input/vocabulary. Only resource files with JSON or XML extensions are supported. To see the skipped files in the logs, use debug logging. (00:00.001 / 00:04.012, 1Gb)
Sushi: info  Loaded virtual package sushi-local#LOCAL with 0 resources                               (00:00.001 / 00:04.013, 1Gb)
Sushi: info  Converting FSH to FHIR resources...                                                     (00:00.007 / 00:04.021, 1Gb)
Sushi: info  Exporting FHIR resources as JSON...                                                     (00:00.004 / 00:04.025, 1Gb)
Sushi: info  Exported 0 FHIR resources as JSON.                                                      (00:00.002 / 00:04.027, 1Gb)
Sushi: info  Assembling Implementation Guide sources...                                              (00:00.001 / 00:04.028, 1Gb)
Sushi: info  Generated ImplementationGuide-smart.who.int.dak-immz.json                               (00:00.028 / 00:04.056, 1Gb)
Sushi: info  Assembled Implementation Guide sources; ready for IG Publisher.                         (00:00.000 / 00:04.057, 1Gb)
Sushi: ========================= SUSHI RESULTS ===========================                           (00:00.000 / 00:04.058, 1Gb)
Sushi: |  -------------------------------------------------------------  |                           (00:00.000 / 00:04.059, 1Gb)
Sushi: | |    Profiles   |  Extensions  |   Logicals   |   Resources   | |                           (00:00.000 / 00:04.059, 1Gb)
Sushi: | |-------------------------------------------------------------| |                           (00:00.000 / 00:04.060, 1Gb)
Sushi: | |       0       |      0       |      0       |       0       | |                           (00:00.000 / 00:04.061, 1Gb)
Sushi: |  -------------------------------------------------------------  |                           (00:00.000 / 00:04.061, 1Gb)
Sushi: |  -------------------------------------------------------------  |                           (00:00.000 / 00:04.062, 1Gb)
Sushi: | |      ValueSets     |    CodeSystems    |     Instances      | |                           (00:00.000 / 00:04.062, 1Gb)
Sushi: | |-------------------------------------------------------------| |                           (00:00.000 / 00:04.063, 1Gb)
Sushi: | |         0          |         0         |         0          | |                           (00:00.000 / 00:04.063, 1Gb)
Sushi: |  -------------------------------------------------------------  |                           (00:00.000 / 00:04.064, 1Gb)
Sushi: |                                                                 |                           (00:00.000 / 00:04.064, 1Gb)
Sushi: ===================================================================                           (00:00.000 / 00:04.065, 1Gb)
Sushi: | Catch of the day, right here!          0 Errors      0 Warnings |                           (00:00.000 / 00:04.066, 1Gb)
Sushi: ===================================================================                           (00:00.000 / 00:04.066, 1Gb)
Unable to load IG as an r5 IG - try R4 (property code is a class com.google.gson.JsonPrimitive looking for an object) (00:00.010 / 00:04.077, 1Gb)
Load Template from who.template.root#current                                                         (00:00.020 / 00:04.097, 1Gb)
 Load Template from fhir.base.template#current                                                       (00:00.378 / 00:04.476, 1Gb)
Root directory: /workspace/temp/smart.who.int.dak-immz#1.1.0-milestone                               (00:01.723 / 00:06.200, 1Gb)
Terminology Cache is at /workspace/temp/smart.who.int.dak-immz#1.1.0-milestone/input-cache/txcache. 5 files in cache (00:00.377 / 00:06.578, 1Gb)
Core Package hl7.fhir.r4.core#4.0.1
Running Terminology Log: /tmp/ohfu-fhir-ig-1364180776535260535.log
Connect to Terminology Server at http://tx.fhir.org                                                  (00:01.288 / 00:07.867, 2Gb)
Load Package hl7.fhir.pubpack#0.2.1
Load Package hl7.fhir.xver-extensions#0.1.0
Load Package hl7.terminology.r4#6.2.0
Load Package hl7.fhir.uv.extensions.r4#5.2.0
Load Package hl7.fhir.uv.extensions.r4#1.0.0
Load Package hl7.terminology#5.5.0
Load Package hl7.fhir.uv.extensions.r4#5.1.0
Load Package hl7.fhir.uv.cql#1.0.0
Load Package hl7.fhir.uv.crmi#1.0.0
Ignore Dependency on Core FHIR hl7.fhir.r4.examples#4.0.1, from package 'hl7.fhir.uv.sdc#3.0.0'      (00:05.646 / 00:13.513, 2Gb)
Load Package hl7.fhir.uv.sdc#3.0.0
Load Package smart.who.int.base#0.1.0
Load Package hl7.fhir.uv.tools.r4#0.3.0
Load R5 Specials
Initialization complete                                                                              (00:01.322 / 00:14.836, 1Gb)
Load Content                                                                                         (00:00.001 / 00:14.837, 1Gb)
Using en-US as the default narrative language. (no language information in Implementation Guide)     (00:00.020 / 00:14.857, 1Gb)
Process Loaded Resources                                                                             (00:00.026 / 00:14.884, 1Gb)
Generating Snapshots                                                                                 (00:00.019 / 00:14.903, 1Gb)
loadPrePages from FetchedFile[/workspace/temp/smart.who.int.dak-immz#1.1.0-milestone/fsh-generated/includes] as /workspace/temp/smart.who.int.dak-immz#1.1.0-milestone/fsh-generated/includes
loadPrePages from FetchedFile[/workspace/temp/smart.who.int.dak-immz#1.1.0-milestone/input/data] as /workspace/temp/smart.who.int.dak-immz#1.1.0-milestone/input/data
loadPrePages from FetchedFile[/workspace/temp/smart.who.int.dak-immz#1.1.0-milestone/input/pagecontent] as /workspace/temp/smart.who.int.dak-immz#1.1.0-milestone/input/pagecontent
Fetch http://smart.who.int/dak-immz/package-list.json for version check                              (00:00.021 / 00:14.925, 1Gb)
Processing Conformance Resources                                                                     (00:00.034 / 00:14.959, 1Gb)
Checking Language                                                                                    (00:00.000 / 00:14.960, 1Gb)
Load Dependency Info                                                                                 (00:00.000 / 00:14.960, 1Gb)
Load Info                                                                                            (00:00.000 / 00:14.961, 1Gb)
Load Paths                                                                                           (00:00.000 / 00:14.962, 1Gb)
Check R4 / R4B                                                                                       (00:00.000 / 00:14.963, 1Gb)
Assign Comparison Ids                                                                                (00:00.004 / 00:14.967, 1Gb)
Propagating status                                                                                   (00:00.000 / 00:14.968, 1Gb)
Generating Narratives                                                                                (00:00.000 / 00:14.968, 1Gb)
Validating Conformance Resources                                                                     (00:00.109 / 00:15.078, 1Gb)
Check profiles & code systems                                                                        (00:01.377 / 00:16.455, 1Gb)
Check realm rules                                                                                    (00:00.000 / 00:16.456, 1Gb)
Previous Version Comparison                                                                          (00:00.000 / 00:16.457, 1Gb)
Validating Resources                                                                                 (00:06.873 / 00:23.330, 1Gb)
Processing Provenance Records                                                                        (00:00.000 / 00:23.331, 1Gb)
Generating Outputs in /workspace/temp/smart.who.int.dak-immz#1.1.0-milestone/output                  (00:00.000 / 00:23.332, 1Gb)
Generate Native Outputs                                                                              (00:00.098 / 00:23.430, 1Gb)
Run Template                                                                                         (00:00.061 / 00:23.492, 1Gb)
Generate HTML Outputs                                                                                (00:00.740 / 00:24.232, 1Gb)
Generate Spreadsheets                                                                                (00:00.047 / 00:24.280, 1Gb)
Generate Summaries                                                                                   (00:00.000 / 00:24.281, 1Gb)
Generating Summary Outputs                                                                           (00:00.000 / 00:24.282, 1Gb)
DB Cumulative Time invested: 00:00:00.76
Sending Usage Stats to Server                                                                        (00:08.223 / 00:32.505, 2Gb)
## Memory (MB): Use = 2152, Free = 357, Total = 2510, Max = 4096                                     (00:00.001 / 00:32.506, 2Gb)
Reclaiming memory...                                                                                 (00:00.000 / 00:32.507, 2Gb)
## Memory (MB): Use = 1291, Free = 1218, Total = 2510, Max = 4096                                    (00:00.610 / 00:33.118, 1Gb)
Run jekyll: jekyll build --destination "/workspace/temp/smart.who.int.dak-immz#1.1.0-milestone/output" (in folder /workspace/temp/smart.who.int.dak-immz#1.1.0-milestone/temp/pages) (00:00.001 / 00:33.119, 1Gb)
Troubleshooting Note: usual cases for Jekyll to fail are:                                            (00:00.001 / 00:33.120, 1Gb)
* A failure to produce a fragment that is already logged in the output above                         (00:00.000 / 00:33.121, 1Gb)
* A reference to a manually edited file that hasn't been provided                                    (00:00.000 / 00:33.122, 1Gb)
Jekyll: Source: /workspace/temp/smart.who.int.dak-immz#1.1.0-milestone/temp/pages                    (00:00.343 / 00:33.465, 1Gb)
Jekyll: Generating...                                                                                (00:00.000 / 00:33.466, 1Gb)
Jekyll: done in 0.558 seconds.                                                                       (00:00.557 / 00:34.023, 1Gb)

Installing smart.who.int.dak-immz#1.1.0
Checking Output HTML                                                                                 (00:00.106 / 00:34.130, 1Gb)
found 590 files                                                                                      (00:00.003 / 00:34.134, 1Gb)
..........................................
..........................................
  ... 590 html files, 0 pages invalid xhtml (0%)                                                     (00:00.363 / 00:34.498, 1Gb)
  ... 1754 links, 0 broken links (0%)                                                                (00:00.002 / 00:34.500, 1Gb)
Generate fragment-usage-analysis.csv                                                                 (00:00.000 / 00:34.501, 1Gb)
Build final .zip                                                                                     (00:00.011 / 00:34.513, 1Gb)
Final .zip built                                                                                     (00:00.945 / 00:35.459, 1Gb)
Built. Times: loading: 00:00.121, generate: 00:22.908, narrative generation: 00:00.108, validation: 00:01.376, realm-rules: 00:00.000, previous-version: 00:06.869, jekyll: 00:00.910, template: 00:00.745 (#3) (00:02.409 / 00:37.869, 2Gb)
Generating QA                                                                                        (00:00.000 / 00:37.870, 2Gb)
Validation output in /workspace/temp/smart.who.int.dak-immz#1.1.0-milestone/output/qa.html
Errors: 4, Warnings: 4, Info: 0, Broken Links: 0 (00:00.039 / 00:37.910, 2Gb)
Finished. Max Memory Used = 2Gb. Log file saved in /tmp/fhir-ig-publisher-tmp.log                    (00:00.001 / 00:37.911, 2Gb)
Keep a copy of the build directory at /workspace/temp/web-root/run-20250306/ig-build-zips/smart.who.int.dak-immz#1.1.0.zip

ok. All checks passed. Publish v1.1.0 to /workspace/temp/web-root/run-20250306/dak-immz/v1.1.0
Copy the IG to /workspace/temp/web-root/run-20250306/dak-immz/v1.1.0
Update /workspace/temp/web-root/run-20250306/dak-immz/package-list.json
Publish Box Statement: This page is part of the SMART DAK IMMZ (v1.1.0: Release) based on <a no-external="true" href="http://hl7.org/fhir/R4">FHIR (HL7® FHIR® Standard) R4</a>. This is the current published version in its permanent home (it will always be available at this URL).  For a full list of available versions, see the <a no-external="true" href="http://smart.who.int/dak-immz/history.html">Directory of published versions</a>
  .. 34 files checked, 34 updated
  .. 9 clones checked, 18 updated
  .. 1 redirections (1 created/updated)
This is a milestone release - publish v1.1.0 to /workspace/temp/web-root/run-20250306/dak-immz
Update publish box for version 1.0.0 @ http://smart.who.int/dak-immz/v1.0.0
Publish Box Statement: This page is part of the SMART DAK IMMZ (v1.0.0: Release) based on <a no-external="true" href="http://hl7.org/fhir/R4">FHIR (HL7® FHIR® Standard) R4</a>. The current version which supersedes this version is <a no-external="true" href="http://smart.who.int/dak-immz{{fn}}">1.1.0</a>.  For a full list of available versions, see the <a no-external="true" href="http://smart.who.int/dak-immz/history.html">Directory of published versions</a>
  .. 34 files checked, 34 updated
  .. 9 clones checked, 0 updated
Building download for /workspace/temp/web-root/run-20250306/dak-immz/v1.0.0 url = http://smart.who.int/dak-immz/v1.0.0, canonical = http://smart.who.int/dak-immz
  ......
 ..Finished
Update publish box for version 0.9.9 @ http://smart.who.int/dak-immz/v0.9.9
Publish Box Statement: This page is part of the SMART DAK IMMZ (v0.9.9: Releases Draft) based on <a no-external="true" href="http://hl7.org/fhir/R4">FHIR (HL7® FHIR® Standard) R4</a>. The current version which supersedes this version is <a no-external="true" href="http://smart.who.int/dak-immz{{fn}}">1.1.0</a>.  For a full list of available versions, see the <a no-external="true" href="http://smart.who.int/dak-immz/history.html">Directory of published versions</a>
  .. 34 files checked, 34 updated
  .. 5 clones checked, 0 updated
Publish Box Statement: This page is part of the SMART DAK IMMZ (v1.1.0: Release) based on <a no-external="true" href="http://hl7.org/fhir/R4">FHIR (HL7® FHIR® Standard) R4</a>. This is the current published version.  For a full list of available versions, see the <a no-external="true" href="http://smart.who.int/dak-immz/history.html">Directory of published versions</a>
  .. 34 files checked, 34 updated
  .. 9 clones checked, 18 updated
  .. 1 redirections (1 created/updated)
Check for Files to delete
  ... 0 files
Copy to new IG to /workspace/temp/web-root/run-20250306/dak-immz
[Fatal Error] :1:1: Content is not allowed in prolog.
Unable to process RSS feed /workspace/temp/web-root/run-20250306/publication-feed.xml as XML - processing as text instead (Content is not allowed in prolog.)
smart.who.int.dak-immz (http://smart.who.int/dak-immz): SMART DAK IMMZ @ http://worldhealthorganization.github.io/smart-dak-immz
  release: Releases 1.1.0/4.0.1 @ http://smart.who.int/dak-immz/v1.1.0
Build is complete. Copy from /workspace/temp/web-root/run-20250306
Update history page at /workspace/temp/web-root/run-20250306/dak-immz from /workspace/history-template and /workspace/webroot/templates
